<?xml version="1.0" encoding="UTF-8"?>
<testng-results ignored="0" total="5" passed="5" failed="0" skipped="0">
  <reporter-output>
  </reporter-output>
  <suite started-at="2024-11-19T16:34:18 IST" name="Default suite" finished-at="2024-11-19T16:34:46 IST" duration-ms="28376">
    <groups>
      <group name="cucumber">
        <method signature="AbstractTestNGCucumberTests.runScenario(io.cucumber.testng.PickleWrapper,io.cucumber.testng.FeatureWrapper)[pri:0, instance:runners.ArticleRunner@48f2bd5b]" name="runScenario" class="io.cucumber.testng.AbstractTestNGCucumberTests"/>
      </group> <!-- cucumber -->
    </groups>
    <test started-at="2024-11-19T16:34:18 IST" name="Default test" finished-at="2024-11-19T16:34:46 IST" duration-ms="28376">
      <class name="runners.ArticleRunner">
        <test-method is-config="true" signature="setUpClass(org.testng.ITestContext)[pri:0, instance:runners.ArticleRunner@48f2bd5b]" started-at="2024-11-19T16:34:18 IST" name="setUpClass" finished-at="2024-11-19T16:34:21 IST" duration-ms="2503" status="PASS">
          <params>
            <param index="0">
              <value>
                <![CDATA[org.testng.TestRunner@456bcb74]]>
              </value>
            </param>
          </params>
          <reporter-output>
          </reporter-output>
        </test-method> <!-- setUpClass -->
        <test-method signature="runScenario(io.cucumber.testng.PickleWrapper,io.cucumber.testng.FeatureWrapper)[pri:0, instance:runners.ArticleRunner@48f2bd5b]" started-at="2024-11-19T16:34:21 IST" name="runScenario" description="Runs Cucumber Scenarios" data-provider="scenarios" finished-at="2024-11-19T16:34:30 IST" duration-ms="8869" status="PASS">
          <params>
            <param index="0">
              <value>
                <![CDATA["Login Into App"]]>
              </value>
            </param>
            <param index="1">
              <value>
                <![CDATA["Conduit CRUD Functions"]]>
              </value>
            </param>
          </params>
          <reporter-output>
          </reporter-output>
        </test-method> <!-- runScenario -->
        <test-method signature="runScenario(io.cucumber.testng.PickleWrapper,io.cucumber.testng.FeatureWrapper)[pri:0, instance:runners.ArticleRunner@48f2bd5b]" started-at="2024-11-19T16:34:30 IST" name="runScenario" description="Runs Cucumber Scenarios" data-provider="scenarios" finished-at="2024-11-19T16:34:36 IST" duration-ms="6628" status="PASS">
          <params>
            <param index="0">
              <value>
                <![CDATA["Create new Article"]]>
              </value>
            </param>
            <param index="1">
              <value>
                <![CDATA["Conduit CRUD Functions"]]>
              </value>
            </param>
          </params>
          <reporter-output>
          </reporter-output>
        </test-method> <!-- runScenario -->
        <test-method signature="runScenario(io.cucumber.testng.PickleWrapper,io.cucumber.testng.FeatureWrapper)[pri:0, instance:runners.ArticleRunner@48f2bd5b]" started-at="2024-11-19T16:34:36 IST" name="runScenario" description="Runs Cucumber Scenarios" data-provider="scenarios" finished-at="2024-11-19T16:34:40 IST" duration-ms="3912" status="PASS">
          <params>
            <param index="0">
              <value>
                <![CDATA["View Article"]]>
              </value>
            </param>
            <param index="1">
              <value>
                <![CDATA["Conduit CRUD Functions"]]>
              </value>
            </param>
          </params>
          <reporter-output>
          </reporter-output>
        </test-method> <!-- runScenario -->
        <test-method signature="runScenario(io.cucumber.testng.PickleWrapper,io.cucumber.testng.FeatureWrapper)[pri:0, instance:runners.ArticleRunner@48f2bd5b]" started-at="2024-11-19T16:34:40 IST" name="runScenario" description="Runs Cucumber Scenarios" data-provider="scenarios" finished-at="2024-11-19T16:34:43 IST" duration-ms="2923" status="PASS">
          <params>
            <param index="0">
              <value>
                <![CDATA["Update an Article"]]>
              </value>
            </param>
            <param index="1">
              <value>
                <![CDATA["Conduit CRUD Functions"]]>
              </value>
            </param>
          </params>
          <reporter-output>
          </reporter-output>
        </test-method> <!-- runScenario -->
        <test-method signature="runScenario(io.cucumber.testng.PickleWrapper,io.cucumber.testng.FeatureWrapper)[pri:0, instance:runners.ArticleRunner@48f2bd5b]" started-at="2024-11-19T16:34:43 IST" name="runScenario" description="Runs Cucumber Scenarios" data-provider="scenarios" finished-at="2024-11-19T16:34:45 IST" duration-ms="2323" status="PASS">
          <params>
            <param index="0">
              <value>
                <![CDATA["Delete an Article"]]>
              </value>
            </param>
            <param index="1">
              <value>
                <![CDATA["Conduit CRUD Functions"]]>
              </value>
            </param>
          </params>
          <reporter-output>
          </reporter-output>
        </test-method> <!-- runScenario -->
        <test-method is-config="true" signature="tearDownClass()[pri:0, instance:runners.ArticleRunner@48f2bd5b]" started-at="2024-11-19T16:34:45 IST" name="tearDownClass" finished-at="2024-11-19T16:34:46 IST" duration-ms="1111" status="PASS">
          <reporter-output>
          </reporter-output>
        </test-method> <!-- tearDownClass -->
      </class> <!-- runners.ArticleRunner -->
    </test> <!-- Default test -->
  </suite> <!-- Default suite -->
</testng-results>
