<?xml version="1.0" encoding="UTF-8"?>
<testng-results ignored="0" total="1" passed="0" failed="1" skipped="0">
  <reporter-output>
  </reporter-output>
  <suite started-at="2024-11-19T13:00:58 IST" name="Default suite" finished-at="2024-11-19T13:01:11 IST" duration-ms="12216">
    <groups>
      <group name="cucumber">
        <method signature="AbstractTestNGCucumberTests.runScenario(io.cucumber.testng.PickleWrapper,io.cucumber.testng.FeatureWrapper)[pri:0, instance:runners.ArticleRunner@692f203f]" name="runScenario" class="io.cucumber.testng.AbstractTestNGCucumberTests"/>
      </group> <!-- cucumber -->
    </groups>
    <test started-at="2024-11-19T13:00:58 IST" name="Default test" finished-at="2024-11-19T13:01:11 IST" duration-ms="12216">
      <class name="runners.ArticleRunner">
        <test-method is-config="true" signature="setUpClass(org.testng.ITestContext)[pri:0, instance:runners.ArticleRunner@692f203f]" started-at="2024-11-19T13:00:59 IST" name="setUpClass" finished-at="2024-11-19T13:01:00 IST" duration-ms="1837" status="PASS">
          <params>
            <param index="0">
              <value>
                <![CDATA[org.testng.TestRunner@3ae2ed38]]>
              </value>
            </param>
          </params>
          <reporter-output>
          </reporter-output>
        </test-method> <!-- setUpClass -->
        <test-method signature="runScenario(io.cucumber.testng.PickleWrapper,io.cucumber.testng.FeatureWrapper)[pri:0, instance:runners.ArticleRunner@692f203f]" started-at="2024-11-19T13:01:00 IST" name="runScenario" description="Runs Cucumber Scenarios" data-provider="scenarios" finished-at="2024-11-19T13:01:11 IST" duration-ms="10172" status="FAIL">
          <params>
            <param index="0">
              <value>
                <![CDATA["Create new Article"]]>
              </value>
            </param>
            <param index="1">
              <value>
                <![CDATA["Conduit CRUD Functions"]]>
              </value>
            </param>
          </params>
          <exception class="java.lang.IndexOutOfBoundsException">
            <message>
              <![CDATA[Index: 0]]>
            </message>
            <full-stacktrace>
              <![CDATA[java.lang.IndexOutOfBoundsException: Index: 0
at java.base/java.util.Collections$EmptyList.get(Collections.java:4553)
at StepDef.ArticleStepDef.user_enter_article_details(ArticleStepDef.java:56)
at ✽.User enters Article details(file:///C:/workspace/CaseStudyBDDPOM/src/test/resources/features/ConduitCRUD.feature:12)
]]>
            </full-stacktrace>
          </exception> <!-- java.lang.IndexOutOfBoundsException -->
          <reporter-output>
          </reporter-output>
        </test-method> <!-- runScenario -->
        <test-method is-config="true" signature="tearDownClass()[pri:0, instance:runners.ArticleRunner@692f203f]" started-at="2024-11-19T13:01:11 IST" name="tearDownClass" finished-at="2024-11-19T13:01:11 IST" duration-ms="89" status="PASS">
          <reporter-output>
          </reporter-output>
        </test-method> <!-- tearDownClass -->
      </class> <!-- runners.ArticleRunner -->
    </test> <!-- Default test -->
  </suite> <!-- Default suite -->
</testng-results>
