<?xml version="1.0" encoding="UTF-8"?>
<!-- Generated by org.testng.reporters.JUnitReportReporter -->
<testsuite hostname="user4" failures="0" tests="1" name="runners.ArticleRunner" time="10.172" errors="1" timestamp="2024-11-19T13:01:11 IST" skipped="0">
  <testcase classname="runners.ArticleRunner" name="runScenario" time="10.172">
    <error message="Index: 0" type="java.lang.IndexOutOfBoundsException">
      <![CDATA[java.lang.IndexOutOfBoundsException: Index: 0
at java.base/java.util.Collections$EmptyList.get(Collections.java:4553)
at StepDef.ArticleStepDef.user_enter_article_details(ArticleStepDef.java:56)
at ✽.User enters Article details(file:///C:/workspace/CaseStudyBDDPOM/src/test/resources/features/ConduitCRUD.feature:12)
]]>
    </error>
  </testcase> <!-- runScenario -->
  <system-out/>
</testsuite> <!-- runners.ArticleRunner -->
